Logfile initialized
[INFO] logfile = /Users/erin/Works/Erin/2011/Herxun/puremvc-coffee-titanium/build.log
[DEBUG] /Library/Application Support/Titanium/mobilesdk/osx/1.7.5/android/builder.py install puremvc-coffee-1.0 /Users/erin/Works/sdk/android-sdk-mac_x86 /Users/erin/Works/Erin/2011/Herxun/puremvc-coffee-titanium com.demo.coffeepuremvc 6
[INFO] plugin=/Library/Application Support/Titanium/plugins/ti_coffee_plugin/1.0/plugin.py
[INFO] Detected compiler plugin: ti_coffee_plugin/1.0
[INFO] Titanium SDK version: 1.7.5 (11/02/11 17:00 ab20af7)
[DEBUG] Waiting for device to be ready ...
[TRACE] adb devices returned 1 devices/emulators
[DEBUG] Device connected... (waited 0 seconds)
[DEBUG] waited 0.007561 seconds on emulator to get ready
[DEBUG] com.demo.coffeepuremvc installed? False
[INFO] Copying project resources..
[TRACE] COPYING MODIFIED FILE: /Users/erin/Works/Erin/2011/Herxun/puremvc-coffee-titanium/Resources/app.coffee => /Users/erin/Works/Erin/2011/Herxun/puremvc-coffee-titanium/build/android/bin/assets/Resources/app.coffee
[TRACE] COPYING MODIFIED FILE: /Users/erin/Works/Erin/2011/Herxun/puremvc-coffee-titanium/Resources/app.js => /Users/erin/Works/Erin/2011/Herxun/puremvc-coffee-titanium/build/android/bin/assets/Resources/app.js
[TRACE] Generating Java Classes
[DEBUG] Processing Android resource drawables
[DEBUG] copying app icon: /Users/erin/Works/Erin/2011/Herxun/puremvc-coffee-titanium/build/android/bin/assets/Resources/appicon.png
[DEBUG] generating theme.xml
[DEBUG] found splash screen at /Users/erin/Works/Erin/2011/Herxun/puremvc-coffee-titanium/build/android/bin/assets/Resources/default.png
[TRACE] Writing out AndroidManifest.xml
[DEBUG] adding /Users/erin/Works/Erin/2011/Herxun/puremvc-coffee-titanium/build/android/gen/com/demo/coffeepuremvc/PuremvcCoffee10Activity.java to javac build list
[DEBUG] adding /Users/erin/Works/Erin/2011/Herxun/puremvc-coffee-titanium/build/android/gen/com/demo/coffeepuremvc/PuremvcCoffee10AppInfo.java to javac build list
[DEBUG] adding /Users/erin/Works/Erin/2011/Herxun/puremvc-coffee-titanium/build/android/gen/com/demo/coffeepuremvc/PuremvcCoffee10Application.java to javac build list
[DEBUG] adding /Users/erin/Works/Erin/2011/Herxun/puremvc-coffee-titanium/build/android/gen/com/demo/coffeepuremvc/R.java to javac build list
[DEBUG] Building Java Sources: "/Users/erin/Works/Erin/2011/Herxun/puremvc-coffee-titanium/build/android/gen/com/demo/coffeepuremvc/PuremvcCoffee10Activity.java" "/Users/erin/Works/Erin/2011/Herxun/puremvc-coffee-titanium/build/android/gen/com/demo/coffeepuremvc/PuremvcCoffee10AppInfo.java" "/Users/erin/Works/Erin/2011/Herxun/puremvc-coffee-titanium/build/android/gen/com/demo/coffeepuremvc/PuremvcCoffee10Application.java" "/Users/erin/Works/Erin/2011/Herxun/puremvc-coffee-titanium/build/android/gen/com/demo/coffeepuremvc/R.java"
[INFO] Compiling Android Resources... This could take some time
[DEBUG] Android classes.dex built
[DEBUG] creating unsigned apk: /Users/erin/Works/Erin/2011/Herxun/puremvc-coffee-titanium/build/android/bin/app-unsigned.apk
[DEBUG] from resource zip => assets/Resources/app.coffee
[DEBUG] from resource zip => assets/Resources/app.js
[DEBUG] from resource zip => assets/Resources/appicon.png
[DEBUG] from resource zip => assets/Resources/default.png
[DEBUG] from resource zip => assets/Resources/puremvc-coffee-1.0.coffee
[DEBUG] from resource zip => assets/Resources/puremvc-coffee-1.0.js
[DEBUG] from resource zip => assets/tiapp.xml
[DEBUG] from resource zip => res/drawable/appicon.png
[DEBUG] from resource zip => res/drawable/background.png
[DEBUG] from resource zip => res/layout/titanium_tabgroup.xml
[DEBUG] from resource zip => AndroidManifest.xml
[DEBUG] from resource zip => resources.arsc
[DEBUG] from JAR /Library/Application Support/Titanium/mobilesdk/osx/1.7.5/android/titanium.jar => org/apache/Commons-NOTICE.txt
[DEBUG] from JAR /Library/Application Support/Titanium/mobilesdk/osx/1.7.5/android/titanium.jar => org/apache/HttpComponents-NOTICE.txt
[DEBUG] from JAR /Library/Application Support/Titanium/mobilesdk/osx/1.7.5/android/titanium.jar => org/apache/mime4j-NOTICE.txt
[DEBUG] from JAR /Library/Application Support/Titanium/mobilesdk/osx/1.7.5/android/titanium.jar => org/appcelerator/titanium/build.properties
[DEBUG] from JAR /Library/Application Support/Titanium/mobilesdk/osx/1.7.5/android/titanium.jar => org/appcelerator/titanium/res/drawable/background.png
[DEBUG] from JAR /Library/Application Support/Titanium/mobilesdk/osx/1.7.5/android/titanium.jar => org/appcelerator/titanium/res/drawable/btn_check_buttonless_on.png
[DEBUG] from JAR /Library/Application Support/Titanium/mobilesdk/osx/1.7.5/android/titanium.jar => org/appcelerator/titanium/res/drawable/btn_check_buttonless_on_18.png
[DEBUG] from JAR /Library/Application Support/Titanium/mobilesdk/osx/1.7.5/android/titanium.jar => org/appcelerator/titanium/res/drawable/btn_check_buttonless_on_48.png
[DEBUG] from JAR /Library/Application Support/Titanium/mobilesdk/osx/1.7.5/android/titanium.jar => org/appcelerator/titanium/res/drawable/btn_more.png
[DEBUG] from JAR /Library/Application Support/Titanium/mobilesdk/osx/1.7.5/android/titanium.jar => org/appcelerator/titanium/res/drawable/btn_more_18.png
[DEBUG] from JAR /Library/Application Support/Titanium/mobilesdk/osx/1.7.5/android/titanium.jar => org/appcelerator/titanium/res/drawable/btn_more_48.png
[DEBUG] from JAR /Library/Application Support/Titanium/mobilesdk/osx/1.7.5/android/titanium.jar => org/appcelerator/titanium/res/drawable/btn_picker_normal.9.png
[DEBUG] from JAR /Library/Application Support/Titanium/mobilesdk/osx/1.7.5/android/titanium.jar => org/appcelerator/titanium/res/drawable/btn_picker_pressed.9.png
[DEBUG] from JAR /Library/Application Support/Titanium/mobilesdk/osx/1.7.5/android/titanium.jar => org/appcelerator/titanium/res/drawable/btn_picker_selected.9.png
[DEBUG] from JAR /Library/Application Support/Titanium/mobilesdk/osx/1.7.5/android/titanium.jar => org/appcelerator/titanium/res/drawable/default_icon.png
[DEBUG] from JAR /Library/Application Support/Titanium/mobilesdk/osx/1.7.5/android/titanium.jar => org/appcelerator/titanium/res/drawable/photoDefault.png
[DEBUG] from JAR /Library/Application Support/Titanium/mobilesdk/osx/1.7.5/android/smalljs.jar => org/mozilla/javascript/resources/Messages.properties
[DEBUG] from JAR /Library/Application Support/Titanium/mobilesdk/osx/1.7.5/android/smalljs.jar => org/mozilla/javascript/resources/Messages_fr.properties
[DEBUG] from JAR /Library/Application Support/Titanium/mobilesdk/osx/1.7.5/android/modules/titanium-ui.jar => ti/modules/titanium/ui/widget/webview/binding.js
[DEBUG] from JAR /Library/Application Support/Titanium/mobilesdk/osx/1.7.5/android/modules/titanium-ui.jar => ti/modules/titanium/ui/widget/webview/binding.min.js
[DEBUG] from JAR /Library/Application Support/Titanium/mobilesdk/osx/1.7.5/android/modules/titanium-ui.jar => ti/modules/titanium/ui/widget/webview/json2.js
[DEBUG] Waiting for device to be ready ...
[TRACE] adb devices returned 1 devices/emulators
[DEBUG] Device connected... (waited 0 seconds)
[DEBUG] waited 0.008075 seconds on emulator to get ready
[INFO] Installing application on emulator
[INFO] Application installed. Launch from drawer on Home Screen
